/usr/bin/ld: /tmp/ccfLTPoS.o: na função "main":
main_example.cpp:(.text+0x5d): undefined reference to `glfwSetErrorCallback'
/usr/bin/ld: main_example.cpp:(.text+0x62): undefined reference to `glfwInit'
/usr/bin/ld: main_example.cpp:(.text+0x8f): undefined reference to `glfwWindowHint'
/usr/bin/ld: main_example.cpp:(.text+0x9e): undefined reference to `glfwWindowHint'
/usr/bin/ld: main_example.cpp:(.text+0xc2): undefined reference to `glfwCreateWindow'
/usr/bin/ld: main_example.cpp:(.text+0xe3): undefined reference to `glfwMakeContextCurrent'
/usr/bin/ld: main_example.cpp:(.text+0xed): undefined reference to `glfwSwapInterval'
/usr/bin/ld: main_example.cpp:(.text+0x11d): undefined reference to `ImGui::DebugCheckVersionAndDataLayout(char const*, unsigned long, unsigned long, unsigned long, unsigned long, unsigned long, unsigned long)'
/usr/bin/ld: main_example.cpp:(.text+0x12b): undefined reference to `ImGui::CreateContext(ImFontAtlas*)'
/usr/bin/ld: main_example.cpp:(.text+0x130): undefined reference to `ImGui::GetIO()'
/usr/bin/ld: main_example.cpp:(.text+0x160): undefined reference to `ImGui::StyleColorsDark(ImGuiStyle*)'
/usr/bin/ld: main_example.cpp:(.text+0x171): undefined reference to `ImGui_ImplGlfw_InitForOpenGL(GLFWwindow*, bool)'
/usr/bin/ld: main_example.cpp:(.text+0x17d): undefined reference to `ImGui_ImplOpenGL3_Init(char const*)'
/usr/bin/ld: main_example.cpp:(.text+0x1c3): undefined reference to `glfwPollEvents'
/usr/bin/ld: main_example.cpp:(.text+0x1d4): undefined reference to `glfwGetWindowAttrib'
/usr/bin/ld: main_example.cpp:(.text+0x1e7): undefined reference to `ImGui_ImplGlfw_Sleep(int)'
/usr/bin/ld: main_example.cpp:(.text+0x1f1): undefined reference to `ImGui_ImplOpenGL3_NewFrame()'
/usr/bin/ld: main_example.cpp:(.text+0x1f6): undefined reference to `ImGui_ImplGlfw_NewFrame()'
/usr/bin/ld: main_example.cpp:(.text+0x1fb): undefined reference to `ImGui::NewFrame()'
/usr/bin/ld: main_example.cpp:(.text+0x20f): undefined reference to `ImGui::ShowDemoWindow(bool*)'
/usr/bin/ld: main_example.cpp:(.text+0x228): undefined reference to `ImGui::Begin(char const*, bool*, int)'
/usr/bin/ld: main_example.cpp:(.text+0x23c): undefined reference to `ImGui::Text(char const*, ...)'
/usr/bin/ld: main_example.cpp:(.text+0x252): undefined reference to `ImGui::Checkbox(char const*, bool*)'
/usr/bin/ld: main_example.cpp:(.text+0x268): undefined reference to `ImGui::Checkbox(char const*, bool*)'
/usr/bin/ld: main_example.cpp:(.text+0x29c): undefined reference to `ImGui::SliderFloat(char const*, float*, float, float, char const*, int)'
/usr/bin/ld: main_example.cpp:(.text+0x2b7): undefined reference to `ImGui::ColorEdit3(char const*, float*, int)'
/usr/bin/ld: main_example.cpp:(.text+0x2e7): undefined reference to `ImGui::Button(char const*, ImVec2 const&)'
/usr/bin/ld: main_example.cpp:(.text+0x311): undefined reference to `ImGui::SameLine(float, float)'
/usr/bin/ld: main_example.cpp:(.text+0x32d): undefined reference to `ImGui::Text(char const*, ...)'
/usr/bin/ld: main_example.cpp:(.text+0x383): undefined reference to `ImGui::Text(char const*, ...)'
/usr/bin/ld: main_example.cpp:(.text+0x388): undefined reference to `ImGui::End()'
/usr/bin/ld: main_example.cpp:(.text+0x3ab): undefined reference to `ImGui::Begin(char const*, bool*, int)'
/usr/bin/ld: main_example.cpp:(.text+0x3bf): undefined reference to `ImGui::Text(char const*, ...)'
/usr/bin/ld: main_example.cpp:(.text+0x3ef): undefined reference to `ImGui::Button(char const*, ImVec2 const&)'
/usr/bin/ld: main_example.cpp:(.text+0x3fc): undefined reference to `ImGui::End()'
/usr/bin/ld: main_example.cpp:(.text+0x401): undefined reference to `ImGui::Render()'
/usr/bin/ld: main_example.cpp:(.text+0x418): undefined reference to `glfwGetFramebufferSize'
/usr/bin/ld: main_example.cpp:(.text+0x431): undefined reference to `glViewport'
/usr/bin/ld: main_example.cpp:(.text+0x476): undefined reference to `glClearColor'
/usr/bin/ld: main_example.cpp:(.text+0x480): undefined reference to `glClear'
/usr/bin/ld: main_example.cpp:(.text+0x485): undefined reference to `ImGui::GetDrawData()'
/usr/bin/ld: main_example.cpp:(.text+0x48d): undefined reference to `ImGui_ImplOpenGL3_RenderDrawData(ImDrawData*)'
/usr/bin/ld: main_example.cpp:(.text+0x499): undefined reference to `glfwSwapBuffers'
/usr/bin/ld: main_example.cpp:(.text+0x4a5): undefined reference to `glfwWindowShouldClose'
/usr/bin/ld: main_example.cpp:(.text+0x4b7): undefined reference to `ImGui_ImplOpenGL3_Shutdown()'
/usr/bin/ld: main_example.cpp:(.text+0x4bc): undefined reference to `ImGui_ImplGlfw_Shutdown()'
/usr/bin/ld: main_example.cpp:(.text+0x4c6): undefined reference to `ImGui::DestroyContext(ImGuiContext*)'
/usr/bin/ld: main_example.cpp:(.text+0x4d2): undefined reference to `glfwDestroyWindow'
/usr/bin/ld: main_example.cpp:(.text+0x4d7): undefined reference to `glfwTerminate'
collect2: error: ld returned 1 exit status
